<?xml version="1.0" encoding="UTF-8"?>
<!-- Generated by org.testng.reporters.JUnitXMLReporter -->
<testsuite ignored="0" hostname="IDS-Dineshkumart" failures="0" tests="7" name="Test" time="45.166" errors="0" timestamp="2024-02-12T09:11:20 IST">
  <testcase classname="com.test.LoginTest" name="loginWithValidUsernameAndPassword" time="10.167"/>
  <testcase classname="com.test.LoginTest" name="loginWithInValidUsernameAndPassword" time="5.384"/>
  <testcase classname="com.test.LoginTest" name="loginWithValidUsernameAndInvalidPassword" time="5.639"/>
  <testcase classname="com.test.LoginTest" name="loginWithInValidUsernameAndInvalidPassword" time="5.355"/>
  <testcase classname="com.test.LoginTest" name="withOutUsernameAndPassword" time="5.489"/>
  <testcase classname="com.test.LoginTest" name="clickingLoginButtonWithoutPassword" time="4.543"/>
  <testcase classname="com.test.LoginTest" name="clickingLoginButtonWithoutUsername" time="8.519"/>
</testsuite> <!-- Test -->
