<?xml version="1.0" encoding="UTF-8"?>
<!-- Generated by org.testng.reporters.JUnitXMLReporter -->
<testsuite ignored="0" hostname="IDS-Dineshkumart" failures="0" tests="7" name="Test" time="34.536" errors="0" timestamp="2024-03-25T11:10:47 IST">
  <testcase classname="com.test.LoginTest" name="loginWithValidUsernameAndPassword" time="6.15"/>
  <testcase classname="com.test.LoginTest" name="loginWithInValidUsernameAndPassword" time="5.715"/>
  <testcase classname="com.test.LoginTest" name="loginWithValidUsernameAndInvalidPassword" time="4.671"/>
  <testcase classname="com.test.LoginTest" name="loginWithInValidUsernameAndInvalidPassword" time="5.168"/>
  <testcase classname="com.test.LoginTest" name="withOutUsernameAndPassword" time="4.224"/>
  <testcase classname="com.test.LoginTest" name="clickingLoginButtonWithoutPassword" time="3.473"/>
  <testcase classname="com.test.LoginTest" name="clickingLoginButtonWithoutUsername" time="5.076"/>
</testsuite> <!-- Test -->
